<?xml version="1.0" encoding="UTF-8"?>
<!-- Generated by org.testng.reporters.JUnitXMLReporter -->
<testsuite ignored="0" hostname="ASHOKMWIN10" failures="0" tests="2" name="Login Test" time="0.064" errors="0" timestamp="2022-04-05T21:39:28 IST">
  <testcase classname="parallelExecution.Parallel" name="@BeforeTest setup" time="0.011">
    <failure type="java.lang.NullPointerException" message="Cannot invoke &amp;quot;org.openqa.selenium.WebDriver.manage()&amp;quot; because &amp;quot;parallelExecution.Parallel.driver&amp;quot; is null">
      <![CDATA[java.lang.NullPointerException: Cannot invoke "org.openqa.selenium.WebDriver.manage()" because "parallelExecution.Parallel.driver" is null
at parallelExecution.Parallel.setup(Parallel.java:22)
... Removed 24 stack frames]]>
    </failure>
  </testcase> <!-- @BeforeTest setup -->
  <testcase classname="parallelExecution.Parallel" name="@AfterTest quit" time="-1.649174968163E9">
    <skipped/>
  </testcase> <!-- @AfterTest quit -->
  <testcase classname="parallelExecution.Parallel" name="browser2" time="0.0">
    <skipped/>
  </testcase> <!-- browser2 -->
  <testcase classname="parallelExecution.Parallel" name="browser1" time="0.0">
    <skipped/>
  </testcase> <!-- browser1 -->
</testsuite> <!-- Login Test -->
